2020-03-03 21:33:44,511 ERROR: Exception on /auth/search [GET] [in c:\users\aiman\appdata\local\programs\python\python37\lib\site-packages\flask\app.py:1891]
Traceback (most recent call last):
  File "c:\users\aiman\appdata\local\programs\python\python37\lib\site-packages\sqlalchemy\sql\elements.py", line 706, in comparator
    comparator_factory = self.type.comparator_factory
AttributeError: 'NoneType' object has no attribute 'comparator_factory'

During handling of the above exception, another exception occurred:

Traceback (most recent call last):
  File "c:\users\aiman\appdata\local\programs\python\python37\lib\site-packages\flask\app.py", line 2446, in wsgi_app
    response = self.full_dispatch_request()
  File "c:\users\aiman\appdata\local\programs\python\python37\lib\site-packages\flask\app.py", line 1951, in full_dispatch_request
    rv = self.handle_user_exception(e)
  File "c:\users\aiman\appdata\local\programs\python\python37\lib\site-packages\flask\app.py", line 1820, in handle_user_exception
    reraise(exc_type, exc_value, tb)
  File "c:\users\aiman\appdata\local\programs\python\python37\lib\site-packages\flask\_compat.py", line 39, in reraise
    raise value
  File "c:\users\aiman\appdata\local\programs\python\python37\lib\site-packages\flask\app.py", line 1949, in full_dispatch_request
    rv = self.dispatch_request()
  File "c:\users\aiman\appdata\local\programs\python\python37\lib\site-packages\flask\app.py", line 1935, in dispatch_request
    return self.view_functions[rule.endpoint](**req.view_args)
  File "c:\users\aiman\appdata\local\programs\python\python37\lib\site-packages\flask_login\utils.py", line 261, in decorated_view
    return func(*args, **kwargs)
  File "D:\diplom\site02.8.02.20\app\main\routes.py", line 144, in search
    current_app.config['POSTS_PER_PAGE'])
  File "D:\diplom\site02.8.02.20\app\models.py", line 22, in search
    db.case(when, value=cls.id)), total
  File "<string>", line 2, in order_by
  File "c:\users\aiman\appdata\local\programs\python\python37\lib\site-packages\sqlalchemy\orm\base.py", line 220, in generate
    fn(self, *args[1:], **kw)
  File "c:\users\aiman\appdata\local\programs\python\python37\lib\site-packages\sqlalchemy\orm\query.py", line 1850, in order_by
    criterion = self._adapt_col_list(criterion)
  File "c:\users\aiman\appdata\local\programs\python\python37\lib\site-packages\sqlalchemy\orm\query.py", line 312, in _adapt_col_list
    for o in cols
  File "c:\users\aiman\appdata\local\programs\python\python37\lib\site-packages\sqlalchemy\orm\query.py", line 312, in <listcomp>
    for o in cols
  File "c:\users\aiman\appdata\local\programs\python\python37\lib\site-packages\sqlalchemy\sql\elements.py", line 4533, in _literal_as_label_reference
    elif hasattr(element, "__clause_element__"):
  File "c:\users\aiman\appdata\local\programs\python\python37\lib\site-packages\sqlalchemy\sql\elements.py", line 717, in __getattr__
    return getattr(self.comparator, key)
  File "c:\users\aiman\appdata\local\programs\python\python37\lib\site-packages\sqlalchemy\util\langhelpers.py", line 855, in __get__
    obj.__dict__[self.__name__] = result = self.fget(obj)
  File "c:\users\aiman\appdata\local\programs\python\python37\lib\site-packages\sqlalchemy\sql\elements.py", line 710, in comparator
    "is not a TypeEngine class or object" % self.type
TypeError: Object None associated with '.type' attribute is not a TypeEngine class or object
2020-03-03 21:35:58,567 INFO: msite startup [in D:\diplom\site02.8.02.20\app\__init__.py:77]
2020-03-03 21:37:58,528 INFO: msite startup [in D:\diplom\site02.8.02.20\app\__init__.py:77]
2020-03-03 21:39:25,235 INFO: msite startup [in D:\diplom\site02.8.02.20\app\__init__.py:77]
2020-03-03 21:39:56,110 INFO: msite startup [in D:\diplom\site02.8.02.20\app\__init__.py:77]
2020-03-03 22:02:12,569 INFO: msite startup [in D:\diplom\site02.8.02.20\app\__init__.py:77]
2020-03-03 22:02:26,427 ERROR: Exception on /auth/user/doc [GET] [in c:\users\aiman\appdata\local\programs\python\python37\lib\site-packages\flask\app.py:1891]
Traceback (most recent call last):
  File "c:\users\aiman\appdata\local\programs\python\python37\lib\site-packages\flask\app.py", line 2446, in wsgi_app
    response = self.full_dispatch_request()
  File "c:\users\aiman\appdata\local\programs\python\python37\lib\site-packages\flask\app.py", line 1951, in full_dispatch_request
    rv = self.handle_user_exception(e)
  File "c:\users\aiman\appdata\local\programs\python\python37\lib\site-packages\flask\app.py", line 1820, in handle_user_exception
    reraise(exc_type, exc_value, tb)
  File "c:\users\aiman\appdata\local\programs\python\python37\lib\site-packages\flask\_compat.py", line 39, in reraise
    raise value
  File "c:\users\aiman\appdata\local\programs\python\python37\lib\site-packages\flask\app.py", line 1949, in full_dispatch_request
    rv = self.dispatch_request()
  File "c:\users\aiman\appdata\local\programs\python\python37\lib\site-packages\flask\app.py", line 1935, in dispatch_request
    return self.view_functions[rule.endpoint](**req.view_args)
  File "c:\users\aiman\appdata\local\programs\python\python37\lib\site-packages\flask_login\utils.py", line 261, in decorated_view
    return func(*args, **kwargs)
  File "D:\diplom\site02.8.02.20\app\main\routes.py", line 84, in user
    next_url=next_url, prev_url=prev_url)
  File "c:\users\aiman\appdata\local\programs\python\python37\lib\site-packages\flask\templating.py", line 138, in render_template
    ctx.app.jinja_env.get_or_select_template(template_name_or_list),
  File "c:\users\aiman\appdata\local\programs\python\python37\lib\site-packages\jinja2\environment.py", line 869, in get_or_select_template
    return self.get_template(template_name_or_list, parent, globals)
  File "c:\users\aiman\appdata\local\programs\python\python37\lib\site-packages\jinja2\environment.py", line 830, in get_template
    return self._load_template(name, self.make_globals(globals))
  File "c:\users\aiman\appdata\local\programs\python\python37\lib\site-packages\jinja2\environment.py", line 804, in _load_template
    template = self.loader.load(self, name, globals)
  File "c:\users\aiman\appdata\local\programs\python\python37\lib\site-packages\jinja2\loaders.py", line 125, in load
    code = environment.compile(source, name, filename)
  File "c:\users\aiman\appdata\local\programs\python\python37\lib\site-packages\jinja2\environment.py", line 591, in compile
    self.handle_exception(exc_info, source_hint=source_hint)
  File "c:\users\aiman\appdata\local\programs\python\python37\lib\site-packages\jinja2\environment.py", line 780, in handle_exception
    reraise(exc_type, exc_value, tb)
  File "c:\users\aiman\appdata\local\programs\python\python37\lib\site-packages\jinja2\_compat.py", line 37, in reraise
    raise value.with_traceback(tb)
  File "D:\diplom\site02.8.02.20\app\templates\user.html", line 49, in template
    {% endblock %}
  File "c:\users\aiman\appdata\local\programs\python\python37\lib\site-packages\jinja2\environment.py", line 497, in _parse
    return Parser(self, source, name, encode_filename(filename)).parse()
  File "c:\users\aiman\appdata\local\programs\python\python37\lib\site-packages\jinja2\parser.py", line 901, in parse
    result = nodes.Template(self.subparse(), lineno=1)
  File "c:\users\aiman\appdata\local\programs\python\python37\lib\site-packages\jinja2\parser.py", line 883, in subparse
    rv = self.parse_statement()
  File "c:\users\aiman\appdata\local\programs\python\python37\lib\site-packages\jinja2\parser.py", line 130, in parse_statement
    return getattr(self, 'parse_' + self.stream.current.value)()
  File "c:\users\aiman\appdata\local\programs\python\python37\lib\site-packages\jinja2\parser.py", line 268, in parse_block
    node.body = self.parse_statements(('name:endblock',), drop_needle=True)
  File "c:\users\aiman\appdata\local\programs\python\python37\lib\site-packages\jinja2\parser.py", line 165, in parse_statements
    result = self.subparse(end_tokens)
  File "c:\users\aiman\appdata\local\programs\python\python37\lib\site-packages\jinja2\parser.py", line 883, in subparse
    rv = self.parse_statement()
  File "c:\users\aiman\appdata\local\programs\python\python37\lib\site-packages\jinja2\parser.py", line 130, in parse_statement
    return getattr(self, 'parse_' + self.stream.current.value)()
  File "c:\users\aiman\appdata\local\programs\python\python37\lib\site-packages\jinja2\parser.py", line 223, in parse_if
    drop_needle=True)
  File "c:\users\aiman\appdata\local\programs\python\python37\lib\site-packages\jinja2\parser.py", line 165, in parse_statements
    result = self.subparse(end_tokens)
  File "c:\users\aiman\appdata\local\programs\python\python37\lib\site-packages\jinja2\parser.py", line 883, in subparse
    rv = self.parse_statement()
  File "c:\users\aiman\appdata\local\programs\python\python37\lib\site-packages\jinja2\parser.py", line 144, in parse_statement
    self.fail_unknown_tag(token.value, token.lineno)
  File "c:\users\aiman\appdata\local\programs\python\python37\lib\site-packages\jinja2\parser.py", line 97, in fail_unknown_tag
    return self._fail_ut_eof(name, self._end_token_stack, lineno)
  File "c:\users\aiman\appdata\local\programs\python\python37\lib\site-packages\jinja2\parser.py", line 90, in _fail_ut_eof
    self.fail(' '.join(message), lineno)
  File "c:\users\aiman\appdata\local\programs\python\python37\lib\site-packages\jinja2\parser.py", line 59, in fail
    raise exc(msg, lineno, self.name, self.filename)
jinja2.exceptions.TemplateSyntaxError: Encountered unknown tag 'endblock'. You probably made a nesting mistake. Jinja is expecting this tag, but currently looking for 'endif'. The innermost block that needs to be closed is 'if'.
2020-03-03 22:03:06,644 INFO: msite startup [in D:\diplom\site02.8.02.20\app\__init__.py:77]
