2020-05-14 06:07:10,688 ERROR: Exception on /auth/edit_profile [GET] [in c:\users\aiman\appdata\local\programs\python\python37\lib\site-packages\flask\app.py:1891]
Traceback (most recent call last):
  File "c:\users\aiman\appdata\local\programs\python\python37\lib\site-packages\flask\app.py", line 2446, in wsgi_app
    response = self.full_dispatch_request()
  File "c:\users\aiman\appdata\local\programs\python\python37\lib\site-packages\flask\app.py", line 1951, in full_dispatch_request
    rv = self.handle_user_exception(e)
  File "c:\users\aiman\appdata\local\programs\python\python37\lib\site-packages\flask\app.py", line 1820, in handle_user_exception
    reraise(exc_type, exc_value, tb)
  File "c:\users\aiman\appdata\local\programs\python\python37\lib\site-packages\flask\_compat.py", line 39, in reraise
    raise value
  File "c:\users\aiman\appdata\local\programs\python\python37\lib\site-packages\flask\app.py", line 1947, in full_dispatch_request
    rv = self.preprocess_request()
  File "c:\users\aiman\appdata\local\programs\python\python37\lib\site-packages\flask\app.py", line 2241, in preprocess_request
    rv = func()
  File "D:\diplom\site02.8.02.20\app\main\routes.py", line 23, in before_request
    db.session.commit()
  File "c:\users\aiman\appdata\local\programs\python\python37\lib\site-packages\sqlalchemy\orm\scoping.py", line 162, in do
    return getattr(self.registry(), name)(*args, **kwargs)
  File "c:\users\aiman\appdata\local\programs\python\python37\lib\site-packages\sqlalchemy\orm\session.py", line 1036, in commit
    self.transaction.commit()
  File "c:\users\aiman\appdata\local\programs\python\python37\lib\site-packages\sqlalchemy\orm\session.py", line 510, in commit
    self.session.dispatch.after_commit(self.session)
  File "c:\users\aiman\appdata\local\programs\python\python37\lib\site-packages\sqlalchemy\event\attr.py", line 261, in __call__
    fn(*args, **kw)
  File "D:\diplom\site02.8.02.20\app\models.py", line 39, in after_commit
    add_to_index(obj.__tablename__, obj)
  File "D:\diplom\site02.8.02.20\app\search.py", line 8, in add_to_index
    for field in model.__searchable__:
AttributeError: 'User' object has no attribute '__searchable__'
2020-05-14 06:08:00,813 INFO: msite startup [in D:\diplom\site02.8.02.20\app\__init__.py:77]
2020-05-14 06:08:30,350 ERROR: Exception on /auth/search [GET] [in c:\users\aiman\appdata\local\programs\python\python37\lib\site-packages\flask\app.py:1891]
Traceback (most recent call last):
  File "c:\users\aiman\appdata\local\programs\python\python37\lib\site-packages\sqlalchemy\sql\elements.py", line 706, in comparator
    comparator_factory = self.type.comparator_factory
AttributeError: 'NoneType' object has no attribute 'comparator_factory'

During handling of the above exception, another exception occurred:

Traceback (most recent call last):
  File "c:\users\aiman\appdata\local\programs\python\python37\lib\site-packages\flask\app.py", line 2446, in wsgi_app
    response = self.full_dispatch_request()
  File "c:\users\aiman\appdata\local\programs\python\python37\lib\site-packages\flask\app.py", line 1951, in full_dispatch_request
    rv = self.handle_user_exception(e)
  File "c:\users\aiman\appdata\local\programs\python\python37\lib\site-packages\flask\app.py", line 1820, in handle_user_exception
    reraise(exc_type, exc_value, tb)
  File "c:\users\aiman\appdata\local\programs\python\python37\lib\site-packages\flask\_compat.py", line 39, in reraise
    raise value
  File "c:\users\aiman\appdata\local\programs\python\python37\lib\site-packages\flask\app.py", line 1949, in full_dispatch_request
    rv = self.dispatch_request()
  File "c:\users\aiman\appdata\local\programs\python\python37\lib\site-packages\flask\app.py", line 1935, in dispatch_request
    return self.view_functions[rule.endpoint](**req.view_args)
  File "c:\users\aiman\appdata\local\programs\python\python37\lib\site-packages\flask_login\utils.py", line 261, in decorated_view
    return func(*args, **kwargs)
  File "D:\diplom\site02.8.02.20\app\main\routes.py", line 221, in search
    current_app.config['POSTS_PER_PAGE'])
  File "D:\diplom\site02.8.02.20\app\models.py", line 22, in search
    db.case(when, value=cls.id)), total
  File "<string>", line 2, in order_by
  File "c:\users\aiman\appdata\local\programs\python\python37\lib\site-packages\sqlalchemy\orm\base.py", line 220, in generate
    fn(self, *args[1:], **kw)
  File "c:\users\aiman\appdata\local\programs\python\python37\lib\site-packages\sqlalchemy\orm\query.py", line 1850, in order_by
    criterion = self._adapt_col_list(criterion)
  File "c:\users\aiman\appdata\local\programs\python\python37\lib\site-packages\sqlalchemy\orm\query.py", line 312, in _adapt_col_list
    for o in cols
  File "c:\users\aiman\appdata\local\programs\python\python37\lib\site-packages\sqlalchemy\orm\query.py", line 312, in <listcomp>
    for o in cols
  File "c:\users\aiman\appdata\local\programs\python\python37\lib\site-packages\sqlalchemy\sql\elements.py", line 4533, in _literal_as_label_reference
    elif hasattr(element, "__clause_element__"):
  File "c:\users\aiman\appdata\local\programs\python\python37\lib\site-packages\sqlalchemy\sql\elements.py", line 717, in __getattr__
    return getattr(self.comparator, key)
  File "c:\users\aiman\appdata\local\programs\python\python37\lib\site-packages\sqlalchemy\util\langhelpers.py", line 855, in __get__
    obj.__dict__[self.__name__] = result = self.fget(obj)
  File "c:\users\aiman\appdata\local\programs\python\python37\lib\site-packages\sqlalchemy\sql\elements.py", line 710, in comparator
    "is not a TypeEngine class or object" % self.type
TypeError: Object None associated with '.type' attribute is not a TypeEngine class or object
2020-05-14 06:16:24,312 INFO: msite startup [in D:\diplom\site02.8.02.20\app\__init__.py:77]
2020-05-14 06:16:45,331 ERROR: Exception on /auth/search [GET] [in c:\users\aiman\appdata\local\programs\python\python37\lib\site-packages\flask\app.py:1891]
Traceback (most recent call last):
  File "c:\users\aiman\appdata\local\programs\python\python37\lib\site-packages\sqlalchemy\sql\elements.py", line 706, in comparator
    comparator_factory = self.type.comparator_factory
AttributeError: 'NoneType' object has no attribute 'comparator_factory'

During handling of the above exception, another exception occurred:

Traceback (most recent call last):
  File "c:\users\aiman\appdata\local\programs\python\python37\lib\site-packages\flask\app.py", line 2446, in wsgi_app
    response = self.full_dispatch_request()
  File "c:\users\aiman\appdata\local\programs\python\python37\lib\site-packages\flask\app.py", line 1951, in full_dispatch_request
    rv = self.handle_user_exception(e)
  File "c:\users\aiman\appdata\local\programs\python\python37\lib\site-packages\flask\app.py", line 1820, in handle_user_exception
    reraise(exc_type, exc_value, tb)
  File "c:\users\aiman\appdata\local\programs\python\python37\lib\site-packages\flask\_compat.py", line 39, in reraise
    raise value
  File "c:\users\aiman\appdata\local\programs\python\python37\lib\site-packages\flask\app.py", line 1949, in full_dispatch_request
    rv = self.dispatch_request()
  File "c:\users\aiman\appdata\local\programs\python\python37\lib\site-packages\flask\app.py", line 1935, in dispatch_request
    return self.view_functions[rule.endpoint](**req.view_args)
  File "c:\users\aiman\appdata\local\programs\python\python37\lib\site-packages\flask_login\utils.py", line 261, in decorated_view
    return func(*args, **kwargs)
  File "D:\diplom\site02.8.02.20\app\main\routes.py", line 221, in search
    current_app.config['POSTS_PER_PAGE'])
  File "D:\diplom\site02.8.02.20\app\models.py", line 22, in search
    db.case(when, value=cls.id)), total]
  File "<string>", line 2, in order_by
  File "c:\users\aiman\appdata\local\programs\python\python37\lib\site-packages\sqlalchemy\orm\base.py", line 220, in generate
    fn(self, *args[1:], **kw)
  File "c:\users\aiman\appdata\local\programs\python\python37\lib\site-packages\sqlalchemy\orm\query.py", line 1850, in order_by
    criterion = self._adapt_col_list(criterion)
  File "c:\users\aiman\appdata\local\programs\python\python37\lib\site-packages\sqlalchemy\orm\query.py", line 312, in _adapt_col_list
    for o in cols
  File "c:\users\aiman\appdata\local\programs\python\python37\lib\site-packages\sqlalchemy\orm\query.py", line 312, in <listcomp>
    for o in cols
  File "c:\users\aiman\appdata\local\programs\python\python37\lib\site-packages\sqlalchemy\sql\elements.py", line 4533, in _literal_as_label_reference
    elif hasattr(element, "__clause_element__"):
  File "c:\users\aiman\appdata\local\programs\python\python37\lib\site-packages\sqlalchemy\sql\elements.py", line 717, in __getattr__
    return getattr(self.comparator, key)
  File "c:\users\aiman\appdata\local\programs\python\python37\lib\site-packages\sqlalchemy\util\langhelpers.py", line 855, in __get__
    obj.__dict__[self.__name__] = result = self.fget(obj)
  File "c:\users\aiman\appdata\local\programs\python\python37\lib\site-packages\sqlalchemy\sql\elements.py", line 710, in comparator
    "is not a TypeEngine class or object" % self.type
TypeError: Object None associated with '.type' attribute is not a TypeEngine class or object
2020-05-14 06:30:14,595 INFO: msite startup [in D:\diplom\site02.8.02.20\app\__init__.py:77]
