2020-05-13 22:54:58,942 ERROR: Exception on /auth/search [GET] [in c:\users\aiman\appdata\local\programs\python\python37\lib\site-packages\flask\app.py:1891]
Traceback (most recent call last):
  File "c:\users\aiman\appdata\local\programs\python\python37\lib\site-packages\sqlalchemy\sql\elements.py", line 706, in comparator
    comparator_factory = self.type.comparator_factory
AttributeError: 'NoneType' object has no attribute 'comparator_factory'

During handling of the above exception, another exception occurred:

Traceback (most recent call last):
  File "c:\users\aiman\appdata\local\programs\python\python37\lib\site-packages\flask\app.py", line 2446, in wsgi_app
    response = self.full_dispatch_request()
  File "c:\users\aiman\appdata\local\programs\python\python37\lib\site-packages\flask\app.py", line 1951, in full_dispatch_request
    rv = self.handle_user_exception(e)
  File "c:\users\aiman\appdata\local\programs\python\python37\lib\site-packages\flask\app.py", line 1820, in handle_user_exception
    reraise(exc_type, exc_value, tb)
  File "c:\users\aiman\appdata\local\programs\python\python37\lib\site-packages\flask\_compat.py", line 39, in reraise
    raise value
  File "c:\users\aiman\appdata\local\programs\python\python37\lib\site-packages\flask\app.py", line 1949, in full_dispatch_request
    rv = self.dispatch_request()
  File "c:\users\aiman\appdata\local\programs\python\python37\lib\site-packages\flask\app.py", line 1935, in dispatch_request
    return self.view_functions[rule.endpoint](**req.view_args)
  File "c:\users\aiman\appdata\local\programs\python\python37\lib\site-packages\flask_login\utils.py", line 261, in decorated_view
    return func(*args, **kwargs)
  File "D:\diplom\site02.8.02.20\app\main\routes.py", line 217, in search
    current_app.config['POSTS_PER_PAGE'])
  File "D:\diplom\site02.8.02.20\app\models.py", line 22, in search
    db.case(when, value=cls.id)), total
  File "<string>", line 2, in order_by
  File "c:\users\aiman\appdata\local\programs\python\python37\lib\site-packages\sqlalchemy\orm\base.py", line 220, in generate
    fn(self, *args[1:], **kw)
  File "c:\users\aiman\appdata\local\programs\python\python37\lib\site-packages\sqlalchemy\orm\query.py", line 1850, in order_by
    criterion = self._adapt_col_list(criterion)
  File "c:\users\aiman\appdata\local\programs\python\python37\lib\site-packages\sqlalchemy\orm\query.py", line 312, in _adapt_col_list
    for o in cols
  File "c:\users\aiman\appdata\local\programs\python\python37\lib\site-packages\sqlalchemy\orm\query.py", line 312, in <listcomp>
    for o in cols
  File "c:\users\aiman\appdata\local\programs\python\python37\lib\site-packages\sqlalchemy\sql\elements.py", line 4533, in _literal_as_label_reference
    elif hasattr(element, "__clause_element__"):
  File "c:\users\aiman\appdata\local\programs\python\python37\lib\site-packages\sqlalchemy\sql\elements.py", line 717, in __getattr__
    return getattr(self.comparator, key)
  File "c:\users\aiman\appdata\local\programs\python\python37\lib\site-packages\sqlalchemy\util\langhelpers.py", line 855, in __get__
    obj.__dict__[self.__name__] = result = self.fget(obj)
  File "c:\users\aiman\appdata\local\programs\python\python37\lib\site-packages\sqlalchemy\sql\elements.py", line 710, in comparator
    "is not a TypeEngine class or object" % self.type
TypeError: Object None associated with '.type' attribute is not a TypeEngine class or object
2020-05-13 23:06:02,921 INFO: msite startup [in D:\diplom\site02.8.02.20\app\__init__.py:77]
2020-05-13 23:06:07,419 ERROR: Exception on /auth/user/finn [GET] [in c:\users\aiman\appdata\local\programs\python\python37\lib\site-packages\flask\app.py:1891]
Traceback (most recent call last):
  File "c:\users\aiman\appdata\local\programs\python\python37\lib\site-packages\pandas\core\indexes\base.py", line 2646, in get_loc
    return self._engine.get_loc(key)
  File "pandas\_libs\index.pyx", line 111, in pandas._libs.index.IndexEngine.get_loc
  File "pandas\_libs\index.pyx", line 135, in pandas._libs.index.IndexEngine.get_loc
  File "pandas\_libs\index_class_helper.pxi", line 109, in pandas._libs.index.Int64Engine._check_type
KeyError: False

During handling of the above exception, another exception occurred:

Traceback (most recent call last):
  File "c:\users\aiman\appdata\local\programs\python\python37\lib\site-packages\flask\app.py", line 2446, in wsgi_app
    response = self.full_dispatch_request()
  File "c:\users\aiman\appdata\local\programs\python\python37\lib\site-packages\flask\app.py", line 1951, in full_dispatch_request
    rv = self.handle_user_exception(e)
  File "c:\users\aiman\appdata\local\programs\python\python37\lib\site-packages\flask\app.py", line 1820, in handle_user_exception
    reraise(exc_type, exc_value, tb)
  File "c:\users\aiman\appdata\local\programs\python\python37\lib\site-packages\flask\_compat.py", line 39, in reraise
    raise value
  File "c:\users\aiman\appdata\local\programs\python\python37\lib\site-packages\flask\app.py", line 1949, in full_dispatch_request
    rv = self.dispatch_request()
  File "c:\users\aiman\appdata\local\programs\python\python37\lib\site-packages\flask\app.py", line 1935, in dispatch_request
    return self.view_functions[rule.endpoint](**req.view_args)
  File "c:\users\aiman\appdata\local\programs\python\python37\lib\site-packages\flask_login\utils.py", line 261, in decorated_view
    return func(*args, **kwargs)
  File "D:\diplom\site02.8.02.20\app\main\routes.py", line 83, in user
    pcntnote = names(docb)
  File "D:\diplom\site02.8.02.20\app\main\functions.py", line 227, in names
    username = rdb.loc['id'==i, 'username']
  File "c:\users\aiman\appdata\local\programs\python\python37\lib\site-packages\pandas\core\indexing.py", line 1762, in __getitem__
    return self._getitem_tuple(key)
  File "c:\users\aiman\appdata\local\programs\python\python37\lib\site-packages\pandas\core\indexing.py", line 1272, in _getitem_tuple
    return self._getitem_lowerdim(tup)
  File "c:\users\aiman\appdata\local\programs\python\python37\lib\site-packages\pandas\core\indexing.py", line 1389, in _getitem_lowerdim
    section = self._getitem_axis(key, axis=i)
  File "c:\users\aiman\appdata\local\programs\python\python37\lib\site-packages\pandas\core\indexing.py", line 1965, in _getitem_axis
    return self._get_label(key, axis=axis)
  File "c:\users\aiman\appdata\local\programs\python\python37\lib\site-packages\pandas\core\indexing.py", line 625, in _get_label
    return self.obj._xs(label, axis=axis)
  File "c:\users\aiman\appdata\local\programs\python\python37\lib\site-packages\pandas\core\generic.py", line 3537, in xs
    loc = self.index.get_loc(key)
  File "c:\users\aiman\appdata\local\programs\python\python37\lib\site-packages\pandas\core\indexes\range.py", line 353, in get_loc
    return super().get_loc(key, method=method, tolerance=tolerance)
  File "c:\users\aiman\appdata\local\programs\python\python37\lib\site-packages\pandas\core\indexes\base.py", line 2648, in get_loc
    return self._engine.get_loc(self._maybe_cast_indexer(key))
  File "pandas\_libs\index.pyx", line 111, in pandas._libs.index.IndexEngine.get_loc
  File "pandas\_libs\index.pyx", line 135, in pandas._libs.index.IndexEngine.get_loc
  File "pandas\_libs\index_class_helper.pxi", line 109, in pandas._libs.index.Int64Engine._check_type
KeyError: False
2020-05-13 23:51:54,503 INFO: msite startup [in D:\diplom\site02.8.02.20\app\__init__.py:77]
2020-05-13 23:54:59,703 INFO: msite startup [in D:\diplom\site02.8.02.20\app\__init__.py:77]
2020-05-13 23:55:08,488 ERROR: Exception on /auth/sugtable [GET] [in c:\users\aiman\appdata\local\programs\python\python37\lib\site-packages\flask\app.py:1891]
Traceback (most recent call last):
  File "c:\users\aiman\appdata\local\programs\python\python37\lib\site-packages\flask\app.py", line 2446, in wsgi_app
    response = self.full_dispatch_request()
  File "c:\users\aiman\appdata\local\programs\python\python37\lib\site-packages\flask\app.py", line 1951, in full_dispatch_request
    rv = self.handle_user_exception(e)
  File "c:\users\aiman\appdata\local\programs\python\python37\lib\site-packages\flask\app.py", line 1820, in handle_user_exception
    reraise(exc_type, exc_value, tb)
  File "c:\users\aiman\appdata\local\programs\python\python37\lib\site-packages\flask\_compat.py", line 39, in reraise
    raise value
  File "c:\users\aiman\appdata\local\programs\python\python37\lib\site-packages\flask\app.py", line 1949, in full_dispatch_request
    rv = self.dispatch_request()
  File "c:\users\aiman\appdata\local\programs\python\python37\lib\site-packages\flask\app.py", line 1935, in dispatch_request
    return self.view_functions[rule.endpoint](**req.view_args)
  File "c:\users\aiman\appdata\local\programs\python\python37\lib\site-packages\flask_login\utils.py", line 261, in decorated_view
    return func(*args, **kwargs)
TypeError: sugtable() missing 1 required positional argument: 'username'
2020-05-13 23:57:55,524 INFO: msite startup [in D:\diplom\site02.8.02.20\app\__init__.py:77]
